#
# A fatal error has been detected by the Java Runtime Environment:
#
#  EXCEPTION_ACCESS_VIOLATION (0xc0000005) at pc=0x67c078ae, pid=4532, tid=0x00003ac8
#
# JRE version: Java(TM) SE Runtime Environment (8.0_191-b12) (build 1.8.0_191-b12)
# Java VM: Java HotSpot(TM) Client VM (25.191-b12 mixed mode windows-x86 )
# Problematic frame:
# V  [jvm.dll+0xe78ae]
#
# Failed to write core dump. Minidumps are not enabled by default on client versions of Windows
#
# If you would like to submit a bug report, please visit:
#   http://bugreport.java.com/bugreport/crash.jsp
#

---------------  T H R E A D  ---------------

Current thread (0x296d6000):  JavaThread "EventThread COM7" [_thread_in_vm, id=15048, stack(0x02600000,0x02650000)]

siginfo: ExceptionCode=0xc0000005, reading address 0x00000000

Registers:
EAX=0x00000000, EBX=0x296d6140, ECX=0x296d6000, EDX=0x0000009f
ESP=0x0264f3ac, EBP=0x0264f3c8, ESI=0x00000000, EDI=0x296d6000
EIP=0x67c078ae, EFLAGS=0x00010246

Top of Stack: (sp=0x0264f3ac)
0x0264f3ac:   00000000 00000001 296d6140 296d6000
0x0264f3bc:   2968a8b4 0000009f 67e05568 00000000
0x0264f3cc:   64001da9 296d6140 00000000 00000000
0x0264f3dc:   00000002 0264f434 7656aaf6 abababab
0x0264f3ec:   77cb2c7c 00000000 2757bdc8 00000008
0x0264f3fc:   00000001 00000000 00000000 00000000
0x0264f40c:   295bd028 00000000 00000000 00000000
0x0264f41c:   00000000 0264f424 1be3c1b0 00000001 

Instructions: (pc=0x67c078ae)
0x67c0788e:   c4 08 83 7f 04 00 89 7d f0 c7 45 f4 00 00 00 00
0x67c0789e:   74 08 8d 4d f0 e8 b8 31 0c 00 8b 75 10 8b 45 0c
0x67c078ae:   8b 10 85 f6 78 32 8b 45 14 85 c0 78 2b 8d 0c 06
0x67c078be:   3b 4a 08 77 23 85 c0 7e 3b 8b 4a 04 8b 49 04 83 


Register to memory mapping:

EAX=0x00000000 is an unknown value
EBX=0x296d6140 is an unknown value
ECX=0x296d6000 is a thread
EDX=0x0000009f is an unknown value
ESP=0x0264f3ac is pointing into the stack for thread: 0x296d6000
EBP=0x0264f3c8 is pointing into the stack for thread: 0x296d6000
ESI=0x00000000 is an unknown value
EDI=0x296d6000 is a thread


Stack: [0x02600000,0x02650000],  sp=0x0264f3ac,  free space=316k
Native frames: (J=compiled Java code, j=interpreted, Vv=VM code, C=native code)
V  [jvm.dll+0xe78ae]
C  [jSSC-2.8_x86.dll+0x1da9]

Java frames: (J=compiled Java code, j=interpreted, Vv=VM code)
j  jssc.SerialNativeInterface.waitEvents(J)[[I+0
J 10797 C1 jssc.SerialPort$EventThread.run()V (84 bytes) @ 0x02b0d21c [0x02b0d1c0+0x5c]
v  ~StubRoutines::call_stub

---------------  P R O C E S S  ---------------

Java Threads: ( => current thread )
=>0x296d6000 JavaThread "EventThread COM7" [_thread_in_vm, id=15048, stack(0x02600000,0x02650000)]
  0x296d5400 JavaThread "JmDNS(DESKTOP-MAM359N.local.).State.Timer" [_thread_blocked, id=11960, stack(0x258c0000,0x25910000)]
  0x296d5c00 JavaThread "JmDNS(DESKTOP-MAM359N.local.).Timer" daemon [_thread_blocked, id=7520, stack(0x25730000,0x25780000)]
  0x296d9800 JavaThread "SocketListener(DESKTOP-MAM359N.local.)" daemon [_thread_in_native, id=10932, stack(0x24ff0000,0x25040000)]
  0x296db800 JavaThread "DestroyJavaVM" [_thread_blocked, id=8288, stack(0x026f0000,0x02740000)]
  0x26419400 JavaThread "TimerQueue" daemon [_thread_blocked, id=13792, stack(0x2a670000,0x2a6c0000)]
  0x2641c800 JavaThread "AWT-EventQueue-0" [_thread_blocked, id=10460, stack(0x28820000,0x28870000)]
  0x2641b400 JavaThread "AWT-Shutdown" [_thread_blocked, id=6084, stack(0x28790000,0x287e0000)]
  0x26419c00 JavaThread "Batik CleanerThread" daemon [_thread_blocked, id=13592, stack(0x00b40000,0x00b90000)]
  0x266dc000 JavaThread "Multihomed mDNS.Timer" daemon [_thread_blocked, id=10132, stack(0x26e30000,0x26e80000)]
  0x266ce800 JavaThread "cc.arduino.packages.discoverers.serial.SerialDiscovery" [_thread_blocked, id=10196, stack(0x26ca0000,0x26cf0000)]
  0x2660c800 JavaThread "AWT-Windows" daemon [_thread_blocked, id=13656, stack(0x26b10000,0x26b60000)]
  0x2660b000 JavaThread "Java2D Disposer" daemon [_thread_blocked, id=10128, stack(0x269f0000,0x26a40000)]
  0x25c27c00 JavaThread "Service Thread" daemon [_thread_blocked, id=4056, stack(0x26290000,0x262e0000)]
  0x25c2d000 JavaThread "C1 CompilerThread0" daemon [_thread_blocked, id=17068, stack(0x26200000,0x26250000)]
  0x25c2b800 JavaThread "Attach Listener" daemon [_thread_blocked, id=3324, stack(0x26170000,0x261c0000)]
  0x25c29000 JavaThread "Signal Dispatcher" daemon [_thread_blocked, id=16280, stack(0x260e0000,0x26130000)]
  0x25c0c400 JavaThread "Finalizer" daemon [_thread_blocked, id=14408, stack(0x25f50000,0x25fa0000)]
  0x25c06400 JavaThread "Reference Handler" daemon [_thread_blocked, id=13512, stack(0x25ec0000,0x25f10000)]

Other Threads:
  0x25bf0c00 VMThread [stack: 0x25e30000,0x25e80000] [id=3408]
  0x25c22800 WatcherThread [stack: 0x26320000,0x26370000] [id=11752]

VM state:synchronizing (normal execution)

VM Mutex/Monitor currently owned by a thread:  ([mutex/lock_event])
[0x00cee8a8] Threads_lock - owner thread: 0x25bf0c00
[0x00cee088] Heap_lock - owner thread: 0x266ce800

Heap:
 def new generation   total 157248K, used 157247K [0x04a00000, 0x0f4a0000, 0x0f4a0000)
  eden space 139776K, 100% used [0x04a00000, 0x0d280000, 0x0d280000)
  from space 17472K,  99% used [0x0d280000, 0x0e38fff8, 0x0e390000)
  to   space 17472K,   0% used [0x0e390000, 0x0e390000, 0x0f4a0000)
 tenured generation   total 349568K, used 349568K [0x0f4a0000, 0x24a00000, 0x24a00000)
   the space 349568K, 100% used [0x0f4a0000, 0x24a00000, 0x24a00000, 0x24a00000)
 Metaspace       used 22296K, capacity 22852K, committed 22912K, reserved 22912K

Card table byte_map: [0x24a00000,0x24b10000] byte_map_base: 0x249db000

Polling page: 0x00cc0000

CodeCache: size=32768Kb used=3189Kb max_used=4716Kb free=29578Kb
 bounds [0x028a0000, 0x02d40000, 0x048a0000]
 total_blobs=1817 nmethods=1533 adapters=212
 compilation: enabled

Compilation events (10 events):
Event: 17731.436 Thread 0x25c2d000 27864             javax.swing.TimerQueue$DelayedTimer::compareTo (101 bytes)
Event: 17731.437 Thread 0x25c2d000 nmethod 27864 0x02976008 code [0x02976120, 0x02976460]
Event: 17732.259 Thread 0x25c2d000 27865             javax.swing.text.GapContent::findSortIndex (128 bytes)
Event: 17732.260 Thread 0x25c2d000 nmethod 27865 0x02a72008 code [0x02a72130, 0x02a72378]
Event: 17732.260 Thread 0x25c2d000 27866             javax.swing.text.GapContent::compare (28 bytes)
Event: 17732.260 Thread 0x25c2d000 nmethod 27866 0x0296d348 code [0x0296d440, 0x0296d500]
Event: 17732.285 Thread 0x25c2d000 27867             javax.swing.plaf.basic.BasicTextUI$RootView::getContainer (8 bytes)
Event: 17732.286 Thread 0x25c2d000 nmethod 27867 0x02975e08 code [0x02975f00, 0x02975f90]
Event: 17733.064 Thread 0x25c2d000 27868             java.awt.event.InputEvent::getModifiers (8 bytes)
Event: 17733.064 Thread 0x25c2d000 nmethod 27868 0x0296fb08 code [0x0296fc00, 0x0296fc80]

GC Heap History (10 events):
Event: 17741.327 GC heap before
{Heap before GC invocations=106 (full 42):
 def new generation   total 157248K, used 157247K [0x04a00000, 0x0f4a0000, 0x0f4a0000)
  eden space 139776K, 100% used [0x04a00000, 0x0d280000, 0x0d280000)
  from space 17472K,  99% used [0x0d280000, 0x0e38fff8, 0x0e390000)
  to   space 17472K,   0% used [0x0e390000, 0x0e390000, 0x0f4a0000)
 tenured generation   total 349568K, used 349568K [0x0f4a0000, 0x24a00000, 0x24a00000)
   the space 349568K, 100% used [0x0f4a0000, 0x24a00000, 0x24a00000, 0x24a00000)
 Metaspace       used 22296K, capacity 22852K, committed 22912K, reserved 22912K
Event: 17742.022 GC heap after
Heap after GC invocations=107 (full 43):
 def new generation   total 157248K, used 157247K [0x04a00000, 0x0f4a0000, 0x0f4a0000)
  eden space 139776K, 100% used [0x04a00000, 0x0d280000, 0x0d280000)
  from space 17472K,  99% used [0x0d280000, 0x0e38fff8, 0x0e390000)
  to   space 17472K,   0% used [0x0e390000, 0x0e390000, 0x0f4a0000)
 tenured generation   total 349568K, used 349568K [0x0f4a0000, 0x24a00000, 0x24a00000)
   the space 349568K, 100% used [0x0f4a0000, 0x24a00000, 0x24a00000, 0x24a00000)
 Metaspace       used 22296K, capacity 22852K, committed 22912K, reserved 22912K
}
Event: 17742.023 GC heap before
{Heap before GC invocations=107 (full 43):
 def new generation   total 157248K, used 157247K [0x04a00000, 0x0f4a0000, 0x0f4a0000)
  eden space 139776K, 100% used [0x04a00000, 0x0d280000, 0x0d280000)
  from space 17472K,  99% used [0x0d280000, 0x0e38fff8, 0x0e390000)
  to   space 17472K,   0% used [0x0e390000, 0x0e390000, 0x0f4a0000)
 tenured generation   total 349568K, used 349568K [0x0f4a0000, 0x24a00000, 0x24a00000)
   the space 349568K, 100% used [0x0f4a0000, 0x24a00000, 0x24a00000, 0x24a00000)
 Metaspace       used 22296K, capacity 22852K, committed 22912K, reserved 22912K
Event: 17742.712 GC heap after
Heap after GC invocations=108 (full 44):
 def new generation   total 157248K, used 157247K [0x04a00000, 0x0f4a0000, 0x0f4a0000)
  eden space 139776K, 100% used [0x04a00000, 0x0d280000, 0x0d280000)
  from space 17472K,  99% used [0x0d280000, 0x0e38fff8, 0x0e390000)
  to   space 17472K,   0% used [0x0e390000, 0x0e390000, 0x0f4a0000)
 tenured generation   total 349568K, used 349568K [0x0f4a0000, 0x24a00000, 0x24a00000)
   the space 349568K, 100% used [0x0f4a0000, 0x24a00000, 0x24a00000, 0x24a00000)
 Metaspace       used 22296K, capacity 22852K, committed 22912K, reserved 22912K
}
Event: 17742.712 GC heap before
{Heap before GC invocations=108 (full 44):
 def new generation   total 157248K, used 157247K [0x04a00000, 0x0f4a0000, 0x0f4a0000)
  eden space 139776K, 100% used [0x04a00000, 0x0d280000, 0x0d280000)
  from space 17472K,  99% used [0x0d280000, 0x0e38fff8, 0x0e390000)
  to   space 17472K,   0% used [0x0e390000, 0x0e390000, 0x0f4a0000)
 tenured generation   total 349568K, used 349568K [0x0f4a0000, 0x24a00000, 0x24a00000)
   the space 349568K, 100% used [0x0f4a0000, 0x24a00000, 0x24a00000, 0x24a00000)
 Metaspace       used 22296K, capacity 22852K, committed 22912K, reserved 22912K
Event: 17743.397 GC heap after
Heap after GC invocations=109 (full 45):
 def new generation   total 157248K, used 157247K [0x04a00000, 0x0f4a0000, 0x0f4a0000)
  eden space 139776K, 100% used [0x04a00000, 0x0d280000, 0x0d280000)
  from space 17472K,  99% used [0x0d280000, 0x0e38fff8, 0x0e390000)
  to   space 17472K,   0% used [0x0e390000, 0x0e390000, 0x0f4a0000)
 tenured generation   total 349568K, used 349568K [0x0f4a0000, 0x24a00000, 0x24a00000)
   the space 349568K, 100% used [0x0f4a0000, 0x24a00000, 0x24a00000, 0x24a00000)
 Metaspace       used 22296K, capacity 22852K, committed 22912K, reserved 22912K
}
Event: 17743.397 GC heap before
{Heap before GC invocations=109 (full 45):
 def new generation   total 157248K, used 157247K [0x04a00000, 0x0f4a0000, 0x0f4a0000)
  eden space 139776K, 100% used [0x04a00000, 0x0d280000, 0x0d280000)
  from space 17472K,  99% used [0x0d280000, 0x0e38fff8, 0x0e390000)
  to   space 17472K,   0% used [0x0e390000, 0x0e390000, 0x0f4a0000)
 tenured generation   total 349568K, used 349568K [0x0f4a0000, 0x24a00000, 0x24a00000)
   the space 349568K, 100% used [0x0f4a0000, 0x24a00000, 0x24a00000, 0x24a00000)
 Metaspace       used 22296K, capacity 22852K, committed 22912K, reserved 22912K
Event: 17744.082 GC heap after
Heap after GC invocations=110 (full 46):
 def new generation   total 157248K, used 157247K [0x04a00000, 0x0f4a0000, 0x0f4a0000)
  eden space 139776K, 100% used [0x04a00000, 0x0d280000, 0x0d280000)
  from space 17472K,  99% used [0x0d280000, 0x0e38fff8, 0x0e390000)
  to   space 17472K,   0% used [0x0e390000, 0x0e390000, 0x0f4a0000)
 tenured generation   total 349568K, used 349568K [0x0f4a0000, 0x24a00000, 0x24a00000)
   the space 349568K, 100% used [0x0f4a0000, 0x24a00000, 0x24a00000, 0x24a00000)
 Metaspace       used 22296K, capacity 22852K, committed 22912K, reserved 22912K
}
Event: 17744.082 GC heap before
{Heap before GC invocations=110 (full 46):
 def new generation   total 157248K, used 157247K [0x04a00000, 0x0f4a0000, 0x0f4a0000)
  eden space 139776K, 100% used [0x04a00000, 0x0d280000, 0x0d280000)
  from space 17472K,  99% used [0x0d280000, 0x0e38fff8, 0x0e390000)
  to   space 17472K,   0% used [0x0e390000, 0x0e390000, 0x0f4a0000)
 tenured generation   total 349568K, used 349568K [0x0f4a0000, 0x24a00000, 0x24a00000)
   the space 349568K, 100% used [0x0f4a0000, 0x24a00000, 0x24a00000, 0x24a00000)
 Metaspace       used 22296K, capacity 22852K, committed 22912K, reserved 22912K
Event: 17744.766 GC heap after
Heap after GC invocations=111 (full 47):
 def new generation   total 157248K, used 157247K [0x04a00000, 0x0f4a0000, 0x0f4a0000)
  eden space 139776K, 100% used [0x04a00000, 0x0d280000, 0x0d280000)
  from space 17472K,  99% used [0x0d280000, 0x0e38fff8, 0x0e390000)
  to   space 17472K,   0% used [0x0e390000, 0x0e390000, 0x0f4a0000)
 tenured generation   total 349568K, used 349568K [0x0f4a0000, 0x24a00000, 0x24a00000)
   the space 349568K, 100% used [0x0f4a0000, 0x24a00000, 0x24a00000, 0x24a00000)
 Metaspace       used 22296K, capacity 22852K, committed 22912K, reserved 22912K
}

Deoptimization events (0 events):
No events

Classes redefined (0 events):
No events

Internal exceptions (10 events):
Event: 17726.249 Thread 0x296d8c00 Exception <a 'sun/nio/fs/WindowsException'> (0x0de44bd8) thrown at [C:\workspace\8-2-build-windows-i586-cygwin\jdk8u191\11896\hotspot\src\share\vm\prims\jni.cpp, line 709]
Event: 17726.253 Thread 0x296d8c00 Exception <a 'sun/nio/fs/WindowsException'> (0x0de58b28) thrown at [C:\workspace\8-2-build-windows-i586-cygwin\jdk8u191\11896\hotspot\src\share\vm\prims\jni.cpp, line 709]
Event: 17726.253 Thread 0x296d8c00 Exception <a 'sun/nio/fs/WindowsException'> (0x0de59080) thrown at [C:\workspace\8-2-build-windows-i586-cygwin\jdk8u191\11896\hotspot\src\share\vm\prims\jni.cpp, line 709]
Event: 17726.259 Thread 0x296d8c00 Exception <a 'sun/nio/fs/WindowsException'> (0x0de849b0) thrown at [C:\workspace\8-2-build-windows-i586-cygwin\jdk8u191\11896\hotspot\src\share\vm\prims\jni.cpp, line 709]
Event: 17726.259 Thread 0x296d8c00 Exception <a 'sun/nio/fs/WindowsException'> (0x0de84fd0) thrown at [C:\workspace\8-2-build-windows-i586-cygwin\jdk8u191\11896\hotspot\src\share\vm\prims\jni.cpp, line 709]
Event: 17739.224 Thread 0x26419400 Exception <a 'java/lang/OutOfMemoryError'> (0x0f52ef28) thrown at [C:\workspace\8-2-build-windows-i586-cygwin\jdk8u191\11896\hotspot\src\share\vm\gc_interface/collectedHeap.inline.hpp, line 159]
Event: 17740.619 Thread 0x296d5400 Exception <a 'java/lang/OutOfMemoryError'> (0x0f52ef08) thrown at [C:\workspace\8-2-build-windows-i586-cygwin\jdk8u191\11896\hotspot\src\share\vm\gc_interface/collectedHeap.inline.hpp, line 159]
Event: 17742.023 Thread 0x296d6000 Exception <a 'java/lang/OutOfMemoryError'> (0x0f52eee8) thrown at [C:\workspace\8-2-build-windows-i586-cygwin\jdk8u191\11896\hotspot\src\share\vm\gc_interface/collectedHeap.inline.hpp, line 159]
Event: 17743.397 Thread 0x2641c800 Exception <a 'java/lang/OutOfMemoryError'> (0x0f52eec8) thrown at [C:\workspace\8-2-build-windows-i586-cygwin\jdk8u191\11896\hotspot\src\share\vm\gc_interface/collectedHeap.inline.hpp, line 159]
Event: 17744.766 Thread 0x296d6000 Exception <a 'java/lang/OutOfMemoryError'> (0x0f4f7480) thrown at [C:\workspace\8-2-build-windows-i586-cygwin\jdk8u191\11896\hotspot\src\share\vm\gc_interface/collectedHeap.inline.hpp, line 159]

Events (10 events):
Event: 17739.224 Executing VM operation: GenCollectForAllocation done
Event: 17739.224 Executing VM operation: GenCollectForAllocation
Event: 17740.619 Executing VM operation: GenCollectForAllocation done
Event: 17740.619 Executing VM operation: GenCollectForAllocation
Event: 17742.023 Executing VM operation: GenCollectForAllocation done
Event: 17742.023 Executing VM operation: GenCollectForAllocation
Event: 17743.397 Executing VM operation: GenCollectForAllocation done
Event: 17743.397 Executing VM operation: GenCollectForAllocation
Event: 17744.766 Executing VM operation: GenCollectForAllocation done
Event: 17744.766 Executing VM operation: GenCollectForAllocation


Dynamic libraries:
0x00d00000 - 0x00d33000 	C:\Program Files (x86)\Arduino\java\bin\javaw.exe
0x77c40000 - 0x77de4000 	C:\WINDOWS\SYSTEM32\ntdll.dll
0x75f10000 - 0x76000000 	C:\WINDOWS\System32\KERNEL32.DLL
0x76450000 - 0x7668a000 	C:\WINDOWS\System32\KERNELBASE.dll
0x76ee0000 - 0x76f5c000 	C:\WINDOWS\System32\ADVAPI32.dll
0x769c0000 - 0x76a7f000 	C:\WINDOWS\System32\msvcrt.dll
0x76000000 - 0x76076000 	C:\WINDOWS\System32\sechost.dll
0x75ae0000 - 0x75b9f000 	C:\WINDOWS\System32\RPCRT4.dll
0x76d20000 - 0x76ebc000 	C:\WINDOWS\System32\USER32.dll
0x76b70000 - 0x76b88000 	C:\WINDOWS\System32\win32u.dll
0x76830000 - 0x76854000 	C:\WINDOWS\System32\GDI32.dll
0x76300000 - 0x763e8000 	C:\WINDOWS\System32\gdi32full.dll
0x77110000 - 0x7718b000 	C:\WINDOWS\System32\msvcp_win.dll
0x76c00000 - 0x76d20000 	C:\WINDOWS\System32\ucrtbase.dll
0x72b00000 - 0x72d10000 	C:\WINDOWS\WinSxS\x86_microsoft.windows.common-controls_6595b64144ccf1df_6.0.19041.3636_none_a863d714867441db\COMCTL32.dll
0x76690000 - 0x766b5000 	C:\WINDOWS\System32\IMM32.DLL
0x68810000 - 0x688cf000 	C:\Program Files (x86)\Arduino\java\bin\msvcr100.dll
0x67b20000 - 0x67ef3000 	C:\Program Files (x86)\Arduino\java\bin\client\jvm.dll
0x77100000 - 0x77106000 	C:\WINDOWS\System32\PSAPI.DLL
0x74f80000 - 0x74f88000 	C:\WINDOWS\SYSTEM32\WSOCK32.dll
0x75a50000 - 0x75a78000 	C:\WINDOWS\SYSTEM32\WINMM.dll
0x755c0000 - 0x755c8000 	C:\WINDOWS\SYSTEM32\VERSION.dll
0x75ba0000 - 0x75c03000 	C:\WINDOWS\System32\WS2_32.dll
0x68eb0000 - 0x68ee0000 	C:\Program Files (x86)\Arduino\java\bin\splashscreen.dll
0x75850000 - 0x758c4000 	C:\WINDOWS\system32\uxtheme.dll
0x76080000 - 0x76300000 	C:\WINDOWS\System32\combase.dll
0x68ea0000 - 0x68eac000 	C:\Program Files (x86)\Arduino\java\bin\verify.dll
0x68e70000 - 0x68e92000 	C:\Program Files (x86)\Arduino\java\bin\java.dll
0x76a90000 - 0x76b64000 	C:\WINDOWS\System32\MSCTF.dll
0x76f60000 - 0x76ff6000 	C:\WINDOWS\System32\OLEAUT32.dll
0x68bd0000 - 0x68be4000 	C:\Program Files (x86)\Arduino\java\bin\zip.dll
0x755d0000 - 0x755df000 	C:\WINDOWS\SYSTEM32\kernel.appcore.dll
0x77000000 - 0x7705f000 	C:\WINDOWS\System32\bcryptPrimitives.dll
0x6c540000 - 0x6c5fa000 	C:\WINDOWS\SYSTEM32\textinputframework.dll
0x6c220000 - 0x6c49f000 	C:\WINDOWS\System32\CoreUIComponents.dll
0x6c4a0000 - 0x6c53b000 	C:\WINDOWS\System32\CoreMessaging.dll
0x77190000 - 0x77217000 	C:\WINDOWS\System32\SHCORE.dll
0x73850000 - 0x73879000 	C:\WINDOWS\SYSTEM32\ntmarta.dll
0x6cc10000 - 0x6ccec000 	C:\WINDOWS\SYSTEM32\wintypes.dll
0x75d20000 - 0x75e03000 	C:\WINDOWS\System32\ole32.dll
0x75c10000 - 0x75c8e000 	C:\WINDOWS\System32\clbcatq.dll
0x77670000 - 0x77c27000 	C:\WINDOWS\System32\SHELL32.dll
0x74840000 - 0x74e53000 	C:\WINDOWS\SYSTEM32\windows.storage.dll
0x74770000 - 0x74794000 	C:\WINDOWS\SYSTEM32\Wldp.dll
0x75ec0000 - 0x75f05000 	C:\WINDOWS\System32\shlwapi.dll
0x74750000 - 0x7476c000 	C:\WINDOWS\SYSTEM32\profapi.dll
0x61940000 - 0x619b3000 	C:\Program Files (x86)\Arduino\lib\listSerialsj.dll
0x77230000 - 0x77668000 	C:\WINDOWS\System32\SETUPAPI.dll
0x770c0000 - 0x770fb000 	C:\WINDOWS\System32\cfgmgr32.dll
0x76ec0000 - 0x76ed9000 	C:\WINDOWS\System32\bcrypt.dll
0x68bb0000 - 0x68bcd000 	C:\Program Files (x86)\Arduino\lib\jnidispatch-4.2.2-win32-x86.dll
0x68b90000 - 0x68ba5000 	C:\Program Files (x86)\Arduino\java\bin\net.dll
0x74f00000 - 0x74f52000 	C:\WINDOWS\system32\mswsock.dll
0x68b80000 - 0x68b8f000 	C:\Program Files (x86)\Arduino\java\bin\nio.dll
0x686c0000 - 0x68807000 	C:\Program Files (x86)\Arduino\java\bin\awt.dll
0x71560000 - 0x715ff000 	C:\WINDOWS\SYSTEM32\apphelp.dll
0x74ed0000 - 0x74ef6000 	C:\WINDOWS\system32\DWMAPI.DLL
0x68680000 - 0x686b9000 	C:\Program Files (x86)\Arduino\java\bin\fontmanager.dll
0x6aca0000 - 0x6ada3000 	C:\WINDOWS\system32\opengl32.dll
0x6ac60000 - 0x6ac9f000 	C:\WINDOWS\SYSTEM32\GLU32.dll
0x68640000 - 0x68672000 	C:\Program Files (x86)\Arduino\java\bin\t2k.dll
0x74e60000 - 0x74e92000 	C:\WINDOWS\SYSTEM32\IPHLPAPI.DLL
0x76a80000 - 0x76a87000 	C:\WINDOWS\System32\NSI.dll
0x72d10000 - 0x72d24000 	C:\WINDOWS\SYSTEM32\dhcpcsvc6.DLL
0x755e0000 - 0x755f6000 	C:\WINDOWS\SYSTEM32\dhcpcsvc.DLL
0x739c0000 - 0x73a50000 	C:\WINDOWS\SYSTEM32\DNSAPI.dll
0x72890000 - 0x728a1000 	C:\WINDOWS\system32\napinsp.dll
0x72870000 - 0x72886000 	C:\WINDOWS\system32\pnrpnsp.dll
0x72850000 - 0x72860000 	C:\WINDOWS\system32\wshbth.dll
0x72830000 - 0x72846000 	C:\WINDOWS\system32\NLAapi.dll
0x72820000 - 0x7282e000 	C:\WINDOWS\System32\winrnr.dll
0x727f0000 - 0x72811000 	C:\Program Files (x86)\Bonjour\mdnsNSP.dll
0x73880000 - 0x738d8000 	C:\WINDOWS\System32\fwpuclnt.dll
0x738e0000 - 0x738e8000 	C:\Windows\System32\rasadhlp.dll
0x67610000 - 0x67679000 	C:\Program Files (x86)\Arduino\msvcp100.dll
0x67550000 - 0x6760e000 	C:\Program Files (x86)\Arduino\msvcr100.dll
0x27750000 - 0x27782000 	C:\Program Files (x86)\Arduino\lib\AStylej.dll
0x67520000 - 0x67544000 	C:\Program Files (x86)\Arduino\java\bin\dcpr.dll
0x6e5b0000 - 0x6e721000 	C:\WINDOWS\SYSTEM32\WindowsCodecs.dll
0x71f10000 - 0x71f41000 	C:\WINDOWS\system32\dataexchange.dll
0x6fd20000 - 0x6ff00000 	C:\WINDOWS\system32\d3d11.dll
0x6fbb0000 - 0x6fd14000 	C:\WINDOWS\system32\dcomp.dll
0x71300000 - 0x713c2000 	C:\WINDOWS\system32\dxgi.dll
0x6ccf0000 - 0x6ce84000 	C:\WINDOWS\system32\twinapi.appcore.dll
0x67500000 - 0x67520000 	C:\Program Files (x86)\Arduino\java\bin\sunec.dll
0x73830000 - 0x73843000 	C:\WINDOWS\SYSTEM32\CRYPTSP.dll
0x73800000 - 0x7382f000 	C:\WINDOWS\system32\rsaenh.dll
0x75800000 - 0x75825000 	C:\WINDOWS\SYSTEM32\USERENV.dll
0x75840000 - 0x7584a000 	C:\WINDOWS\SYSTEM32\CRYPTBASE.dll
0x674f0000 - 0x674f9000 	C:\Program Files (x86)\Arduino\java\bin\sunmscapi.dll
0x76860000 - 0x7695f000 	C:\WINDOWS\System32\CRYPT32.dll
0x72d30000 - 0x72d59000 	C:\WINDOWS\SYSTEM32\DEVOBJ.dll
0x76b90000 - 0x76bdc000 	C:\WINDOWS\System32\WINTRUST.dll
0x72dd0000 - 0x72dde000 	C:\WINDOWS\SYSTEM32\MSASN1.dll
0x64000000 - 0x6401b000 	C:\Program Files (x86)\Arduino\lib\jSSC-2.8_x86.dll
0x70d70000 - 0x70ef8000 	C:\WINDOWS\SYSTEM32\dbghelp.dll

VM Arguments:
jvm_args: -Dsun.java2d.d3d=false -Djna.nosys=true -Djna.nounpack=true -Djna.boot.library.name=jnidispatch-4.2.2-win32-x86 -Djna.boot.library.path=C:\Program Files (x86)\Arduino/lib -Djssc.library.path=C:\Program Files (x86)\Arduino/lib -DAPP_DIR=C:\Program Files (x86)\Arduino -Xms128M -Xmx512M -Dfile.encoding=UTF8 -Djava.net.preferIPv4Stack=true 
java_command: processing.app.Base E:\Alta\USB Printer\Code\ESP\MultiSerial\MultiSerial.ino
java_class_path (initial): C:\Program Files (x86)\Arduino\lib\apple.jar;C:\Program Files (x86)\Arduino\lib\arduino-core.jar;C:\Program Files (x86)\Arduino\lib\batik-1.8.jar;C:\Program Files (x86)\Arduino\lib\batik-anim-1.8.jar;C:\Program Files (x86)\Arduino\lib\batik-awt-util-1.8.jar;C:\Program Files (x86)\Arduino\lib\batik-bridge-1.8.jar;C:\Program Files (x86)\Arduino\lib\batik-codec-1.8.jar;C:\Program Files (x86)\Arduino\lib\batik-css-1.8.jar;C:\Program Files (x86)\Arduino\lib\batik-dom-1.8.jar;C:\Program Files (x86)\Arduino\lib\batik-ext-1.8.jar;C:\Program Files (x86)\Arduino\lib\batik-gvt-1.8.jar;C:\Program Files (x86)\Arduino\lib\batik-parser-1.8.jar;C:\Program Files (x86)\Arduino\lib\batik-rasterizer-1.8.jar;C:\Program Files (x86)\Arduino\lib\batik-script-1.8.jar;C:\Program Files (x86)\Arduino\lib\batik-squiggle-1.8.jar;C:\Program Files (x86)\Arduino\lib\batik-svg-dom-1.8.jar;C:\Program Files (x86)\Arduino\lib\batik-svgpp-1.8.jar;C:\Program Files (x86)\Arduino\lib\batik-transcoder-1.8.jar;C:\Program Files (x86)\Arduino\lib\batik-util-1.8.jar;C:\Program Files (x86)\Arduino\lib\batik-xml-1.8.jar;C:\Program Files (x86)\Arduino\lib\bcpg-jdk15on-152.jar;C:\Program Files (x86)\Arduino\lib\bcprov-jdk15on-152.jar;C:\Program Files (x86)\Arduino\lib\commons-codec-1.7.jar;C:\Program Files (x86)\Arduino\lib\commons-compress-1.8.jar;C:\Program Files (x86)\Arduino\lib\commons-exec-1.1.jar;C:\Program Files (x86)\Arduino\lib\commons-httpclient-3.1.jar;C:\Program Files (x86)\Arduino\lib\commons-lang3-3.8.1.jar;C:\Program Files (x86)\Arduino\lib\commons-logging-1.0.4.jar;C:\Program Files (x86)\Arduino\lib\commons-net-3.3.jar;C:\Program Files (x86)\Arduino\lib\commons-io-2.6.jar;C:\Program Files (x86)\Arduino\lib\jackson-annotations-2.9.5.jar;C:\Program Files (x86)\Arduino\lib\jackson-core-2.9.5.jar;C:\Program Files (x86)\Arduino\lib\jackson-databind-2.9.5.jar;C:\Program Files (x86)\Arduino\lib\java-semver-0.8.0.jar;C:\Program Files (x86)\Arduino\lib\jmdns-3.5.5.jar;C:\Program
Launcher Type: SUN_STANDARD

Environment Variables:
PATH=C:\Program Files (x86)\STMicroelectronics\st_toolset\asm;C:\Program Files\Common Files\Oracle\Java\javapath;C:\Program Files (x86)\Common Files\Oracle\Java\javapath;C:\WINDOWS\system32;C:\WINDOWS;C:\WINDOWS\System32\Wbem;C:\WINDOWS\System32\WindowsPowerShell\v1.0\;C:\WINDOWS\System32\OpenSSH\;C:\Program Files (x86)\Windows Kits\8.1\Windows Performance Toolkit\;C:\Cadence\SPB_16.6\openaccess\bin\win32\opt;C:\Cadence\SPB_16.6\tools\capture;C:\Cadence\SPB_16.6\tools\pspice;C:\Cadence\SPB_16.6\tools\specctra\bin;C:\Cadence\SPB_16.6\tools\fet\bin;C:\Cadence\SPB_16.6\tools\libutil\bin;C:\Cadence\SPB_16.6\tools\bin;C:\Cadence\SPB_16.6\tools\pcb\bin;C:\Users\RD2020\AppData\Local\Microsoft\WindowsApps;C:\Users\RD2020\AppData\Local\Programs\Microsoft VS Code\bin;C:\Program Files (x86)\Arduino\java\bin
USERNAME=RD2020
OS=Windows_NT
PROCESSOR_IDENTIFIER=Intel64 Family 6 Model 42 Stepping 7, GenuineIntel



---------------  S Y S T E M  ---------------

OS: Windows 10.0 , 64 bit Build 19041 (10.0.19041.3636)

CPU:total 8 (initial active 8) (4 cores per cpu, 2 threads per core) family 6 model 42 stepping 7, cmov, cx8, fxsr, mmx, sse, sse2, sse3, ssse3, sse4.1, sse4.2, popcnt, avx, aes, clmul, ht, tsc, tscinvbit

Memory: 4k page, physical 8266764k(3124180k free), swap 9577484k(2659632k free)

vm_info: Java HotSpot(TM) Client VM (25.191-b12) for windows-x86 JRE (1.8.0_191-b12), built on Oct  6 2018 08:34:23 by "java_re" with MS VC++ 10.0 (VS2010)

time: Sat Dec 16 02:18:13 2023
elapsed time: 17744 seconds (0d 4h 55m 44s)

